<?xml version="1.0" encoding="UTF-8"?>
<!-- Generated by org.testng.reporters.JUnitXMLReporter -->
<testsuite ignored="0" hostname="LAPTOP-7A6BVKFP" failures="0" tests="8" name="Test" time="240.14" errors="0" timestamp="2023-01-15T23:31:33 IST">
  <testcase classname="pages.SignUpPageTest" name="androidUserSignUpPageTestPerform" time="8.281"/>
  <testcase classname="pages.LoginPageTest" name="androidUserLoginPageTestPerform" time="7.852"/>
  <testcase classname="pages.OTPPageTest" name="androidOTPPageTestPerform" time="22.432"/>
  <testcase classname="pages.HomePageTest" name="androidUserLoginPageTestPerform" time="46.793"/>
  <testcase classname="pages.ProductPageTest" name="androidProductPageTestPerform" time="27.934"/>
  <testcase classname="pages.CartPageTest" name="androidCartPageTestPerform" time="25.782"/>
  <testcase classname="pages.AddAddressPageTest" name="androidAddAddressAndCheckoutPerform" time="32.448"/>
  <testcase classname="pages.OrderConfirmedPageTest" name="androidOrderConfirmationPageTestPerform" time="35.443"/>
</testsuite> <!-- Test -->
