<?xml version="1.0" encoding="UTF-8"?>
<testng-results ignored="0" total="8" passed="8" failed="0" skipped="0">
  <reporter-output>
  </reporter-output>
  <suite started-at="2023-01-15T23:27:32 IST" name="Suite" finished-at="2023-01-15T23:31:32 IST" duration-ms="240140">
    <groups>
    </groups>
    <test started-at="2023-01-15T23:27:32 IST" name="Test" finished-at="2023-01-15T23:31:32 IST" duration-ms="240140">
      <class name="pages.OrderConfirmedPageTest">
        <test-method is-config="true" signature="configureAppium()[pri:0, instance:pages.OrderConfirmedPageTest@1fdf1c5]" started-at="2023-01-15T23:30:53 IST" name="configureAppium" finished-at="2023-01-15T23:30:57 IST" duration-ms="4038" status="PASS">
          <reporter-output>
          </reporter-output>
        </test-method> <!-- configureAppium -->
        <test-method is-config="true" signature="init()[pri:0, instance:pages.OrderConfirmedPageTest@1fdf1c5]" started-at="2023-01-15T23:30:57 IST" name="init" finished-at="2023-01-15T23:30:57 IST" duration-ms="4" status="PASS">
          <reporter-output>
          </reporter-output>
        </test-method> <!-- init -->
        <test-method signature="androidOrderConfirmationPageTestPerform()[pri:0, instance:pages.OrderConfirmedPageTest@1fdf1c5]" started-at="2023-01-15T23:30:57 IST" name="androidOrderConfirmationPageTestPerform" finished-at="2023-01-15T23:31:32 IST" duration-ms="35443" status="PASS">
          <reporter-output>
          </reporter-output>
        </test-method> <!-- androidOrderConfirmationPageTestPerform -->
        <test-method is-config="true" signature="tearDown()[pri:0, instance:pages.OrderConfirmedPageTest@1fdf1c5]" started-at="2023-01-15T23:31:32 IST" name="tearDown" finished-at="2023-01-15T23:31:32 IST" duration-ms="118" status="PASS">
          <reporter-output>
          </reporter-output>
        </test-method> <!-- tearDown -->
      </class> <!-- pages.OrderConfirmedPageTest -->
      <class name="pages.AddAddressPageTest">
        <test-method is-config="true" signature="configureAppium()[pri:0, instance:pages.AddAddressPageTest@1199fe66]" started-at="2023-01-15T23:30:16 IST" name="configureAppium" finished-at="2023-01-15T23:30:20 IST" duration-ms="3858" status="PASS">
          <reporter-output>
          </reporter-output>
        </test-method> <!-- configureAppium -->
        <test-method is-config="true" signature="init()[pri:0, instance:pages.AddAddressPageTest@1199fe66]" started-at="2023-01-15T23:30:20 IST" name="init" finished-at="2023-01-15T23:30:20 IST" duration-ms="4" status="PASS">
          <reporter-output>
          </reporter-output>
        </test-method> <!-- init -->
        <test-method signature="androidAddAddressAndCheckoutPerform()[pri:0, instance:pages.AddAddressPageTest@1199fe66]" started-at="2023-01-15T23:30:20 IST" name="androidAddAddressAndCheckoutPerform" finished-at="2023-01-15T23:30:53 IST" duration-ms="32448" status="PASS">
          <reporter-output>
          </reporter-output>
        </test-method> <!-- androidAddAddressAndCheckoutPerform -->
        <test-method is-config="true" signature="tearDown()[pri:0, instance:pages.AddAddressPageTest@1199fe66]" started-at="2023-01-15T23:30:53 IST" name="tearDown" finished-at="2023-01-15T23:30:53 IST" duration-ms="116" status="PASS">
          <reporter-output>
          </reporter-output>
        </test-method> <!-- tearDown -->
      </class> <!-- pages.AddAddressPageTest -->
      <class name="pages.SignUpPageTest">
        <test-method is-config="true" signature="configureAppium()[pri:0, instance:pages.SignUpPageTest@79351f41]" started-at="2023-01-15T23:27:32 IST" name="configureAppium" finished-at="2023-01-15T23:27:37 IST" duration-ms="4737" status="PASS">
          <reporter-output>
          </reporter-output>
        </test-method> <!-- configureAppium -->
        <test-method is-config="true" signature="init()[pri:0, instance:pages.SignUpPageTest@79351f41]" started-at="2023-01-15T23:27:37 IST" name="init" finished-at="2023-01-15T23:27:37 IST" duration-ms="94" status="PASS">
          <reporter-output>
          </reporter-output>
        </test-method> <!-- init -->
        <test-method signature="androidUserSignUpPageTestPerform()[pri:0, instance:pages.SignUpPageTest@79351f41]" started-at="2023-01-15T23:27:37 IST" name="androidUserSignUpPageTestPerform" finished-at="2023-01-15T23:27:45 IST" duration-ms="8281" status="PASS">
          <reporter-output>
          </reporter-output>
        </test-method> <!-- androidUserSignUpPageTestPerform -->
        <test-method is-config="true" signature="tearDown()[pri:0, instance:pages.SignUpPageTest@79351f41]" started-at="2023-01-15T23:27:45 IST" name="tearDown" finished-at="2023-01-15T23:27:46 IST" duration-ms="97" status="PASS">
          <reporter-output>
          </reporter-output>
        </test-method> <!-- tearDown -->
      </class> <!-- pages.SignUpPageTest -->
      <class name="pages.CartPageTest">
        <test-method is-config="true" signature="configureAppium()[pri:0, instance:pages.CartPageTest@3ed242a4]" started-at="2023-01-15T23:29:47 IST" name="configureAppium" finished-at="2023-01-15T23:29:51 IST" duration-ms="3947" status="PASS">
          <reporter-output>
          </reporter-output>
        </test-method> <!-- configureAppium -->
        <test-method is-config="true" signature="init()[pri:0, instance:pages.CartPageTest@3ed242a4]" started-at="2023-01-15T23:29:51 IST" name="init" finished-at="2023-01-15T23:29:51 IST" duration-ms="4" status="PASS">
          <reporter-output>
          </reporter-output>
        </test-method> <!-- init -->
        <test-method signature="androidCartPageTestPerform()[pri:0, instance:pages.CartPageTest@3ed242a4]" started-at="2023-01-15T23:29:51 IST" name="androidCartPageTestPerform" finished-at="2023-01-15T23:30:16 IST" duration-ms="25782" status="PASS">
          <reporter-output>
          </reporter-output>
        </test-method> <!-- androidCartPageTestPerform -->
        <test-method is-config="true" signature="tearDown()[pri:0, instance:pages.CartPageTest@3ed242a4]" started-at="2023-01-15T23:30:16 IST" name="tearDown" finished-at="2023-01-15T23:30:16 IST" duration-ms="99" status="PASS">
          <reporter-output>
          </reporter-output>
        </test-method> <!-- tearDown -->
      </class> <!-- pages.CartPageTest -->
      <class name="pages.OTPPageTest">
        <test-method is-config="true" signature="configureAppium()[pri:0, instance:pages.OTPPageTest@3e30646a]" started-at="2023-01-15T23:27:57 IST" name="configureAppium" finished-at="2023-01-15T23:28:01 IST" duration-ms="3887" status="PASS">
          <reporter-output>
          </reporter-output>
        </test-method> <!-- configureAppium -->
        <test-method is-config="true" signature="init()[pri:0, instance:pages.OTPPageTest@3e30646a]" started-at="2023-01-15T23:28:01 IST" name="init" finished-at="2023-01-15T23:28:01 IST" duration-ms="26" status="PASS">
          <reporter-output>
          </reporter-output>
        </test-method> <!-- init -->
        <test-method signature="androidOTPPageTestPerform()[pri:0, instance:pages.OTPPageTest@3e30646a]" started-at="2023-01-15T23:28:01 IST" name="androidOTPPageTestPerform" finished-at="2023-01-15T23:28:24 IST" duration-ms="22432" status="PASS">
          <reporter-output>
          </reporter-output>
        </test-method> <!-- androidOTPPageTestPerform -->
        <test-method is-config="true" signature="tearDown()[pri:0, instance:pages.OTPPageTest@3e30646a]" started-at="2023-01-15T23:28:24 IST" name="tearDown" finished-at="2023-01-15T23:28:24 IST" duration-ms="116" status="PASS">
          <reporter-output>
          </reporter-output>
        </test-method> <!-- tearDown -->
      </class> <!-- pages.OTPPageTest -->
      <class name="pages.ProductPageTest">
        <test-method is-config="true" signature="configureAppium()[pri:0, instance:pages.ProductPageTest@37c7595]" started-at="2023-01-15T23:29:15 IST" name="configureAppium" finished-at="2023-01-15T23:29:19 IST" duration-ms="3891" status="PASS">
          <reporter-output>
          </reporter-output>
        </test-method> <!-- configureAppium -->
        <test-method is-config="true" signature="init()[pri:0, instance:pages.ProductPageTest@37c7595]" started-at="2023-01-15T23:29:19 IST" name="init" finished-at="2023-01-15T23:29:19 IST" duration-ms="3" status="PASS">
          <reporter-output>
          </reporter-output>
        </test-method> <!-- init -->
        <test-method signature="androidProductPageTestPerform()[pri:0, instance:pages.ProductPageTest@37c7595]" started-at="2023-01-15T23:29:19 IST" name="androidProductPageTestPerform" finished-at="2023-01-15T23:29:47 IST" duration-ms="27934" status="PASS">
          <reporter-output>
          </reporter-output>
        </test-method> <!-- androidProductPageTestPerform -->
        <test-method is-config="true" signature="tearDown()[pri:0, instance:pages.ProductPageTest@37c7595]" started-at="2023-01-15T23:29:47 IST" name="tearDown" finished-at="2023-01-15T23:29:47 IST" duration-ms="83" status="PASS">
          <reporter-output>
          </reporter-output>
        </test-method> <!-- tearDown -->
      </class> <!-- pages.ProductPageTest -->
      <class name="pages.HomePageTest">
        <test-method is-config="true" signature="configureAppium()[pri:0, instance:pages.HomePageTest@63a270c9]" started-at="2023-01-15T23:28:24 IST" name="configureAppium" finished-at="2023-01-15T23:28:28 IST" duration-ms="3937" status="PASS">
          <reporter-output>
          </reporter-output>
        </test-method> <!-- configureAppium -->
        <test-method is-config="true" signature="init()[pri:0, instance:pages.HomePageTest@63a270c9]" started-at="2023-01-15T23:28:28 IST" name="init" finished-at="2023-01-15T23:28:28 IST" duration-ms="7" status="PASS">
          <reporter-output>
          </reporter-output>
        </test-method> <!-- init -->
        <test-method signature="androidUserLoginPageTestPerform()[pri:0, instance:pages.HomePageTest@63a270c9]" started-at="2023-01-15T23:28:28 IST" name="androidUserLoginPageTestPerform" finished-at="2023-01-15T23:29:15 IST" duration-ms="46793" status="PASS">
          <reporter-output>
          </reporter-output>
        </test-method> <!-- androidUserLoginPageTestPerform -->
        <test-method is-config="true" signature="tearDown()[pri:0, instance:pages.HomePageTest@63a270c9]" started-at="2023-01-15T23:29:15 IST" name="tearDown" finished-at="2023-01-15T23:29:15 IST" duration-ms="88" status="PASS">
          <reporter-output>
          </reporter-output>
        </test-method> <!-- tearDown -->
      </class> <!-- pages.HomePageTest -->
      <class name="pages.LoginPageTest">
        <test-method is-config="true" signature="configureAppium()[pri:0, instance:pages.LoginPageTest@7642df8f]" started-at="2023-01-15T23:27:46 IST" name="configureAppium" finished-at="2023-01-15T23:27:49 IST" duration-ms="3890" status="PASS">
          <reporter-output>
          </reporter-output>
        </test-method> <!-- configureAppium -->
        <test-method is-config="true" signature="init()[pri:0, instance:pages.LoginPageTest@7642df8f]" started-at="2023-01-15T23:27:49 IST" name="init" finished-at="2023-01-15T23:27:49 IST" duration-ms="2" status="PASS">
          <reporter-output>
          </reporter-output>
        </test-method> <!-- init -->
        <test-method signature="androidUserLoginPageTestPerform()[pri:0, instance:pages.LoginPageTest@7642df8f]" started-at="2023-01-15T23:27:49 IST" name="androidUserLoginPageTestPerform" finished-at="2023-01-15T23:27:57 IST" duration-ms="7852" status="PASS">
          <reporter-output>
          </reporter-output>
        </test-method> <!-- androidUserLoginPageTestPerform -->
        <test-method is-config="true" signature="tearDown()[pri:0, instance:pages.LoginPageTest@7642df8f]" started-at="2023-01-15T23:27:57 IST" name="tearDown" finished-at="2023-01-15T23:27:57 IST" duration-ms="81" status="PASS">
          <reporter-output>
          </reporter-output>
        </test-method> <!-- tearDown -->
      </class> <!-- pages.LoginPageTest -->
    </test> <!-- Test -->
  </suite> <!-- Suite -->
</testng-results>
